[debug] [2023-11-24T12:37:51.653Z] ----------------------------------------------------------------------
[debug] [2023-11-24T12:37:51.656Z] Command:       C:\Program Files\nodejs\node.exe C:\Program Files\nodejs\node_modules\firebase-tools\lib\bin\firebase.js init
[debug] [2023-11-24T12:37:51.656Z] CLI Version:   12.9.1
[debug] [2023-11-24T12:37:51.657Z] Platform:      win32
[debug] [2023-11-24T12:37:51.657Z] Node Version:  v18.16.1
[debug] [2023-11-24T12:37:51.658Z] Time:          Fri Nov 24 2023 18:07:51 GMT+0530 (India Standard Time)
[debug] [2023-11-24T12:37:51.658Z] ----------------------------------------------------------------------
[debug] 
[warn] !  JSON error trying to load D:\Work Space\Block Chain\test-token-payments\.firebaserc 
[debug] [2023-11-24T12:37:51.755Z] > command requires scopes: ["email","openid","https://www.googleapis.com/auth/cloudplatformprojects.readonly","https://www.googleapis.com/auth/firebase","https://www.googleapis.com/auth/cloud-platform"]
[debug] [2023-11-24T12:37:51.755Z] > authorizing via signed-in user (ashokcse505@gmail.com)
[info] 
     ######## #### ########  ######## ########     ###     ######  ########
     ##        ##  ##     ## ##       ##     ##  ##   ##  ##       ##
     ######    ##  ########  ######   ########  #########  ######  ######
     ##        ##  ##    ##  ##       ##     ## ##     ##       ## ##
     ##       #### ##     ## ######## ########  ##     ##  ######  ########

You're about to initialize a Firebase project in this directory:

  D:\Work Space\Block Chain\test-token-payments

Before we get started, keep in mind:

  * You are initializing within an existing Firebase project directory

